Running: C:\Xilinx\14.7\ISE_DS\ISE\bin\nt64\unwrapped\fuse.exe -intstyle ise -incremental -o D:/BE42359/MOD_N_COUNTER/modNcounterTB_isim_beh.exe -prj D:/BE42359/MOD_N_COUNTER/modNcounterTB_beh.prj work.modNcounterTB 
ISim P.20131013 (signature 0x7708f090)
Number of CPUs detected in this system: 6
Turning on mult-threading, number of parallel sub-compilation jobs: 12 
Determining compilation order of HDL files
Parsing VHDL file "D:/BE42359/MOD_N_COUNTER/MOD_N_COUNTER.vhd" into library work
Parsing VHDL file "D:/BE42359/MOD_N_COUNTER/modNcounterTB.vhd" into library work
Starting static elaboration
Completed static elaboration
Compiling package standard
Compiling package std_logic_1164
Compiling package std_logic_arith
Compiling package std_logic_unsigned
Compiling package numeric_std
Compiling package vcomponents
Compiling architecture behavioral of entity MOD_N_COUNTER [mod_n_counter_default]
Compiling architecture behavior of entity modncountertb
Time Resolution for simulation is 1ps.
Waiting for 1 sub-compilation(s) to finish...
Compiled 9 VHDL Units
Built simulation executable D:/BE42359/MOD_N_COUNTER/modNcounterTB_isim_beh.exe
Fuse Memory Usage: 49404 KB
Fuse CPU Usage: 499 ms
