Release 14.7 - xst P.20131013 (nt)
Copyright (c) 1995-2013 Xilinx, Inc.  All rights reserved.
--> Parameter TMPDIR set to xst/projnav.tmp


Total REAL time to Xst completion: 0.00 secs
Total CPU time to Xst completion: 0.13 secs
 
--> Parameter xsthdpdir set to xst


Total REAL time to Xst completion: 0.00 secs
Total CPU time to Xst completion: 0.13 secs
 
--> Reading design: MOD_N_COUNTER.prj

TABLE OF CONTENTS
  1) Synthesis Options Summary
  2) HDL Compilation
  3) Design Hierarchy Analysis
  4) HDL Analysis
  5) HDL Synthesis
     5.1) HDL Synthesis Report
  6) Advanced HDL Synthesis
     6.1) Advanced HDL Synthesis Report
  7) Low Level Synthesis
  8) Partition Report
  9) Final Report
	9.1) Device utilization summary
	9.2) Partition Resource Summary
	9.3) TIMING REPORT


=========================================================================
*                      Synthesis Options Summary                        *
=========================================================================
---- Source Parameters
Input File Name                    : "MOD_N_COUNTER.prj"
Input Format                       : mixed
Ignore Synthesis Constraint File   : NO

---- Target Parameters
Output File Name                   : "MOD_N_COUNTER"
Output Format                      : NGC
Target Device                      : xc3s250e-4-pq208

---- Source Options
Top Module Name                    : MOD_N_COUNTER
Automatic FSM Extraction           : YES
FSM Encoding Algorithm             : Auto
Safe Implementation                : No
FSM Style                          : LUT
RAM Extraction                     : Yes
RAM Style                          : Auto
ROM Extraction                     : Yes
Mux Style                          : Auto
Decoder Extraction                 : YES
Priority Encoder Extraction        : Yes
Shift Register Extraction          : YES
Logical Shifter Extraction         : YES
XOR Collapsing                     : YES
ROM Style                          : Auto
Mux Extraction                     : Yes
Resource Sharing                   : YES
Asynchronous To Synchronous        : NO
Multiplier Style                   : Auto
Automatic Register Balancing       : No

---- Target Options
Add IO Buffers                     : YES
Global Maximum Fanout              : 100000
Add Generic Clock Buffer(BUFG)     : 24
Register Duplication               : YES
Slice Packing                      : YES
Optimize Instantiated Primitives   : NO
Use Clock Enable                   : Yes
Use Synchronous Set                : Yes
Use Synchronous Reset              : Yes
Pack IO Registers into IOBs        : Auto
Equivalent register Removal        : YES

---- General Options
Optimization Goal                  : Speed
Optimization Effort                : 1
Keep Hierarchy                     : No
Netlist Hierarchy                  : As_Optimized
RTL Output                         : Yes
Global Optimization                : AllClockNets
Read Cores                         : YES
Write Timing Constraints           : NO
Cross Clock Analysis               : NO
Hierarchy Separator                : /
Bus Delimiter                      : <>
Case Specifier                     : Maintain
Slice Utilization Ratio            : 100
BRAM Utilization Ratio             : 100
Verilog 2001                       : YES
Auto BRAM Packing                  : NO
Slice Utilization Ratio Delta      : 5

=========================================================================


=========================================================================
*                          HDL Compilation                              *
=========================================================================
Compiling vhdl file "D:/BE42359/MOD_N_COUNTER/MOD_N_COUNTER.vhd" in Library work.
Architecture behavioral of Entity mod_n_counter is up to date.

=========================================================================
*                     Design Hierarchy Analysis                         *
=========================================================================
Analyzing hierarchy for entity <MOD_N_COUNTER> in library <work> (architecture <behavioral>).


=========================================================================
*                            HDL Analysis                               *
=========================================================================
Analyzing Entity <MOD_N_COUNTER> in library <work> (Architecture <behavioral>).
Entity <MOD_N_COUNTER> analyzed. Unit <MOD_N_COUNTER> generated.


=========================================================================
*                           HDL Synthesis                               *
=========================================================================

Performing bidirectional port resolution...

Synthesizing Unit <MOD_N_COUNTER>.
    Related source file is "D:/BE42359/MOD_N_COUNTER/MOD_N_COUNTER.vhd".
INFO:Xst - Possible FSM for signal Qtemp but both ACLR and ASET.
    Found 5-bit register for signal <Qtemp>.
    Found 6-bit comparator greater for signal <Qtemp$cmp_gt0000> created at line 57.
    Found 6-bit comparator less for signal <Qtemp$cmp_lt0000> created at line 51.
    Found 5-bit addsub for signal <Qtemp$share0000>.
    Summary:
	inferred   5 D-type flip-flop(s).
	inferred   1 Adder/Subtractor(s).
	inferred   2 Comparator(s).
Unit <MOD_N_COUNTER> synthesized.

INFO:Xst:1767 - HDL ADVISOR - Resource sharing has identified that some arithmetic operations in this design can share the same physical resources for reduced device utilization. For improved clock frequency you may try to disable resource sharing.

=========================================================================
HDL Synthesis Report

Macro Statistics
# Adders/Subtractors                                   : 1
 5-bit addsub                                          : 1
# Registers                                            : 1
 5-bit register                                        : 1
# Comparators                                          : 2
 6-bit comparator greater                              : 1
 6-bit comparator less                                 : 1

=========================================================================

=========================================================================
*                       Advanced HDL Synthesis                          *
=========================================================================


=========================================================================
Advanced HDL Synthesis Report

Macro Statistics
# Adders/Subtractors                                   : 1
 5-bit addsub                                          : 1
# Registers                                            : 5
 Flip-Flops                                            : 5
# Comparators                                          : 2
 6-bit comparator greater                              : 1
 6-bit comparator less                                 : 1

=========================================================================

=========================================================================
*                         Low Level Synthesis                           *
=========================================================================

Optimizing unit <MOD_N_COUNTER> ...

Mapping all equations...
Building and optimizing final netlist ...
Found area constraint ratio of 100 (+ 5) on block MOD_N_COUNTER, actual ratio is 0.

Final Macro Processing ...

=========================================================================
Final Register Report

Macro Statistics
# Registers                                            : 5
 Flip-Flops                                            : 5

=========================================================================

=========================================================================
*                           Partition Report                            *
=========================================================================

Partition Implementation Status
-------------------------------

  No Partitions were found in this design.

-------------------------------

=========================================================================
*                            Final Report                               *
=========================================================================
Final Results
RTL Top Level Output File Name     : MOD_N_COUNTER.ngr
Top Level Output File Name         : MOD_N_COUNTER
Output Format                      : NGC
Optimization Goal                  : Speed
Keep Hierarchy                     : No

Design Statistics
# IOs                              : 9

Cell Usage :
# BELS                             : 18
#      LUT2                        : 1
#      LUT3                        : 3
#      LUT3_L                      : 1
#      LUT4                        : 9
#      LUT4_L                      : 1
#      MUXF5                       : 3
# FlipFlops/Latches                : 5
#      FDCP_1                      : 5
# Clock Buffers                    : 1
#      BUFGP                       : 1
# IO Buffers                       : 8
#      IBUF                        : 3
#      OBUF                        : 5
=========================================================================

Device utilization summary:
---------------------------

Selected Device : 3s250epq208-4 

 Number of Slices:                        8  out of   2448     0%  
 Number of Slice Flip Flops:              5  out of   4896     0%  
 Number of 4 input LUTs:                 15  out of   4896     0%  
 Number of IOs:                           9
 Number of bonded IOBs:                   9  out of    158     5%  
 Number of GCLKs:                         1  out of     24     4%  

---------------------------
Partition Resource Summary:
---------------------------

  No Partitions were found in this design.

---------------------------


=========================================================================
TIMING REPORT

NOTE: THESE TIMING NUMBERS ARE ONLY A SYNTHESIS ESTIMATE.
      FOR ACCURATE TIMING INFORMATION PLEASE REFER TO THE TRACE REPORT
      GENERATED AFTER PLACE-and-ROUTE.

Clock Information:
------------------
-----------------------------------+------------------------+-------+
Clock Signal                       | Clock buffer(FF name)  | Load  |
-----------------------------------+------------------------+-------+
clk                                | BUFGP                  | 5     |
-----------------------------------+------------------------+-------+

Asynchronous Control Signals Information:
----------------------------------------
-----------------------------------+------------------------+-------+
Control Signal                     | Buffer(FF name)        | Load  |
-----------------------------------+------------------------+-------+
pr                                 | IBUF                   | 5     |
rst                                | IBUF                   | 5     |
-----------------------------------+------------------------+-------+

Timing Summary:
---------------
Speed Grade: -4

   Minimum period: 4.471ns (Maximum Frequency: 223.664MHz)
   Minimum input arrival time before clock: 3.483ns
   Maximum output required time after clock: 4.796ns
   Maximum combinational path delay: No path found

Timing Detail:
--------------
All values displayed in nanoseconds (ns)

=========================================================================
Timing constraint: Default period analysis for Clock 'clk'
  Clock period: 4.471ns (frequency: 223.664MHz)
  Total number of paths / destination ports: 50 / 5
-------------------------------------------------------------------------
Delay:               4.471ns (Levels of Logic = 3)
  Source:            Qtemp_1 (FF)
  Destination:       Qtemp_2 (FF)
  Source Clock:      clk falling
  Destination Clock: clk falling

  Data Path: Qtemp_1 to Qtemp_2
                                Gate     Net
    Cell:in->out      fanout   Delay   Delay  Logical Name (Net Name)
    ----------------------------------------  ------------
     FDCP_1:C->Q           8   0.591   0.932  Qtemp_1 (Qtemp_1)
     LUT2:I0->O            1   0.704   0.424  Qtemp_mux0003<2>126_SW0 (N6)
     LUT4_L:I3->LO         1   0.704   0.104  Qtemp_mux0003<2>126 (Qtemp_mux0003<2>126)
     LUT4:I3->O            1   0.704   0.000  Qtemp_mux0003<2>1114 (Qtemp_mux0003<2>)
     FDCP_1:D                  0.308          Qtemp_2
    ----------------------------------------
    Total                      4.471ns (3.011ns logic, 1.460ns route)
                                       (67.3% logic, 32.7% route)

=========================================================================
Timing constraint: Default OFFSET IN BEFORE for Clock 'clk'
  Total number of paths / destination ports: 8 / 5
-------------------------------------------------------------------------
Offset:              3.483ns (Levels of Logic = 3)
  Source:            dir (PAD)
  Destination:       Qtemp_1 (FF)
  Destination Clock: clk falling

  Data Path: dir to Qtemp_1
                                Gate     Net
    Cell:in->out      fanout   Delay   Delay  Logical Name (Net Name)
    ----------------------------------------  ------------
     IBUF:I->O             8   1.218   0.932  dir_IBUF (dir_IBUF)
     LUT4:I0->O            1   0.704   0.000  Qtemp_mux0003<3>111 (Qtemp_mux0003<3>11)
     MUXF5:I1->O           1   0.321   0.000  Qtemp_mux0003<3>11_f5 (Qtemp_mux0003<3>)
     FDCP_1:D                  0.308          Qtemp_1
    ----------------------------------------
    Total                      3.483ns (2.551ns logic, 0.932ns route)
                                       (73.2% logic, 26.8% route)

=========================================================================
Timing constraint: Default OFFSET OUT AFTER for Clock 'clk'
  Total number of paths / destination ports: 5 / 5
-------------------------------------------------------------------------
Offset:              4.796ns (Levels of Logic = 1)
  Source:            Qtemp_3 (FF)
  Destination:       Q<3> (PAD)
  Source Clock:      clk falling

  Data Path: Qtemp_3 to Q<3>
                                Gate     Net
    Cell:in->out      fanout   Delay   Delay  Logical Name (Net Name)
    ----------------------------------------  ------------
     FDCP_1:C->Q          11   0.591   0.933  Qtemp_3 (Qtemp_3)
     OBUF:I->O                 3.272          Q_3_OBUF (Q<3>)
    ----------------------------------------
    Total                      4.796ns (3.863ns logic, 0.933ns route)
                                       (80.5% logic, 19.5% route)

=========================================================================


Total REAL time to Xst completion: 3.00 secs
Total CPU time to Xst completion: 2.69 secs
 
--> 

Total memory usage is 236696 kilobytes

Number of errors   :    0 (   0 filtered)
Number of warnings :    0 (   0 filtered)
Number of infos    :    2 (   0 filtered)

