Command line:
   ALU4BIT_isim_beh.exe
     -simmode  gui
     -simrunnum  0
     -socket  50254

Wed Jul 10 06:50:56 2024


 Elaboration Time: 0.046875 sec

 Current Memory Usage: 819.257 Meg

 Total Signals          : 8
 Total Nets             : 31
 Total Signal Drivers   : 5
 Total Blocks           : 4
 Total Primitive Blocks : 4
 Total Processes        : 3
 Total Traceable Variables  : 10
 Total Scalar Nets and Variables : 409
Total Line Count : 14

 Total Simulation Time: 0.046875 sec

 Current Memory Usage: 661.709 Meg

Wed Jul 10 06:52:10 2024

