#-----------------------------------------------------------
# PlanAhead v14.7
# Build 321239 by xbuild on Fri Sep 27 19:31:35 MDT 2013
# Start of session at: Fri Oct 11 02:43:43 2024
# Process ID: 3240
# Log file: D:/Sara_42259/Codes/LCD/planAhead_run_2/planAhead.log
# Journal file: D:/Sara_42259/Codes/LCD/planAhead_run_2/planAhead.jou
#-----------------------------------------------------------
INFO: [Common 17-78] Attempting to get a license: PlanAhead
INFO: [Common 17-290] Got license for PlanAhead
INFO: [Common 17-86] Your PlanAhead license expires in -3360 day(s)
INFO: [Device 21-36] Loading parts and site information from C:/Xilinx/14.7/ISE_DS/PlanAhead/data/parts/arch.xml
Parsing RTL primitives file [C:/Xilinx/14.7/ISE_DS/PlanAhead/data/parts/xilinx/rtl/prims/rtl_prims.xml]
Finished parsing RTL primitives file [C:/Xilinx/14.7/ISE_DS/PlanAhead/data/parts/xilinx/rtl/prims/rtl_prims.xml]
start_gui
source D:/Sara_42259/Codes/LCD/pa.fromNetlist.tcl
# create_project -name LCD -dir "D:/Sara_42259/Codes/LCD/planAhead_run_2" -part xc3s250epq208-5
ERROR: [Common 17-53] User Exception: Project already exists on disk, please use '-force' option to overwrite: 
     D:/Sara_42259/Codes/LCD/planAhead_run_2/LCD.ppr
     D:/Sara_42259/Codes/LCD/planAhead_run_2/LCD.data

    while executing
"create_project -name LCD -dir "D:/Sara_42259/Codes/LCD/planAhead_run_2" -part xc3s250epq208-5"
    (file "D:/Sara_42259/Codes/LCD/pa.fromNetlist.tcl" line 4)
exit
INFO: [Common 17-206] Exiting PlanAhead at Fri Oct 11 02:44:10 2024...
INFO: [Common 17-83] Releasing license: PlanAhead
