Command line:
   ALU4BIT_tb_isim_beh.exe
     -simmode  gui
     -simrunnum  0
     -socket  50265

Wed Jul 10 06:52:25 2024


 Elaboration Time: 0.09375 sec

 Current Memory Usage: 819.581 Meg

 Total Signals          : 13
 Total Nets             : 31
 Total Signal Drivers   : 6
 Total Blocks           : 5
 Total Primitive Blocks : 4
 Total Processes        : 4
 Total Traceable Variables  : 10
 Total Scalar Nets and Variables : 409
Total Line Count : 16

 Total Simulation Time: 0.09375 sec

 Current Memory Usage: 662.032 Meg

Wed Jul 10 07:02:25 2024

