Running: C:\Xilinx\14.7\ISE_DS\ISE\bin\nt\unwrapped\fuse.exe -intstyle ise -incremental -o D:/BE42359/ALU4/alutest_isim_beh.exe -prj D:/BE42359/ALU4/alutest_beh.prj work.alutest 
ISim P.20131013 (signature 0x8ef4fb42)
Number of CPUs detected in this system: 6
Turning on mult-threading, number of parallel sub-compilation jobs: 12 
Determining compilation order of HDL files
Parsing VHDL file "D:/BE42359/ALU4/ALU4.vhd" into library work
Parsing VHDL file "D:/BE42359/ALU4/alutest.vhd" into library work
Starting static elaboration
Completed static elaboration
Fuse Memory Usage: 161944 KB
Fuse CPU Usage: 250 ms
Compiling package standard
Compiling package std_logic_1164
Compiling package std_logic_arith
Compiling package std_logic_unsigned
Compiling package numeric_std
Compiling architecture behavioral of entity ALU4 [alu4_default]
Compiling architecture behavior of entity alutest
Time Resolution for simulation is 1ps.
Waiting for 1 sub-compilation(s) to finish...
Compiled 8 VHDL Units
Built simulation executable D:/BE42359/ALU4/alutest_isim_beh.exe
Fuse Memory Usage: 183740 KB
Fuse CPU Usage: 405 ms
