Running: C:\Xilinx\14.7\ISE_DS\ISE\bin\nt\unwrapped\fuse.exe -intstyle ise -incremental -o D:/BE42359/USR/usr_tb_isim_beh.exe -prj D:/BE42359/USR/usr_tb_beh.prj work.usr_tb 
ISim P.20131013 (signature 0x8ef4fb42)
Number of CPUs detected in this system: 6
Turning on mult-threading, number of parallel sub-compilation jobs: 12 
Determining compilation order of HDL files
Parsing VHDL file "D:/BE42359/USR/usr.vhd" into library work
Parsing VHDL file "D:/BE42359/USR/usr_tb.vhd" into library work
Starting static elaboration
Completed static elaboration
Fuse Memory Usage: 161744 KB
Fuse CPU Usage: 186 ms
Compiling package standard
Compiling package std_logic_1164
Compiling package numeric_std
Compiling architecture behavioral of entity usr [usr_default]
Compiling architecture behavior of entity usr_tb
Time Resolution for simulation is 1ps.
Waiting for 1 sub-compilation(s) to finish...
Compiled 6 VHDL Units
Built simulation executable D:/BE42359/USR/usr_tb_isim_beh.exe
Fuse Memory Usage: 178364 KB
Fuse CPU Usage: 296 ms
